app/build/outputs/logs/manifest-merger-debug-report.txt
-- Merging decision tree log ---
manifest
ADDED from src/main/AndroidManifest.xml:19:1-222:12
	package
		ADDED from src/main/AndroidManifest.xml:20:5-36
		INJECTED from src/main/AndroidManifest.xml
		INJECTED from src/main/AndroidManifest.xml
	android:versionName
		INJECTED from src/main/AndroidManifest.xml
		INJECTED from src/main/AndroidManifest.xml
	xmlns:android
		ADDED from src/main/AndroidManifest.xml:19:11-69
	android:versionCode
		INJECTED from src/main/AndroidManifest.xml
		INJECTED from src/main/AndroidManifest.xml
uses-sdk
ADDED from src/main/AndroidManifest.xml:22:5-24:41
MERGED from [com.android.support:appcompat-v7:26.0.0-alpha1] AndroidManifest.xml:21:5-23:78
MERGED from [com.android.support:support-v4:26.0.0-alpha1] AndroidManifest.xml:21:5-23:54
MERGED from [com.android.support:support-media-compat:26.0.0-alpha1] AndroidManifest.xml:21:5-23:63
MERGED from [com.android.support:support-fragment:26.0.0-alpha1] AndroidManifest.xml:21:5-23:60
MERGED from [com.android.support:support-core-utils:26.0.0-alpha1] AndroidManifest.xml:21:5-23:61
MERGED from [com.android.support:animated-vector-drawable:26.0.0-alpha1] AndroidManifest.xml:20:5-44
MERGED from [com.android.support:support-vector-drawable:26.0.0-alpha1] AndroidManifest.xml:20:5-44
MERGED from [com.android.support:recyclerview-v7:26.0.0-alpha1] AndroidManifest.xml:20:5-44
MERGED from [com.android.support:support-core-ui:26.0.0-alpha1] AndroidManifest.xml:21:5-23:58
MERGED from [com.android.support:support-compat:26.0.0-alpha1] AndroidManifest.xml:21:5-23:58
MERGED from [com.android.support:cardview-v7:26.0.0-alpha1] AndroidManifest.xml:20:5-44
	tools:overrideLibrary
		ADDED from [com.android.support:appcompat-v7:26.0.0-alpha1] AndroidManifest.xml:23:9-75
	android:targetSdkVersion
		ADDED from src/main/AndroidManifest.xml:24:9-38
		INJECTED from src/main/AndroidManifest.xml
		INJECTED from src/main/AndroidManifest.xml
	android:minSdkVersion
		ADDED from src/main/AndroidManifest.xml:23:9-35
		INJECTED from src/main/AndroidManifest.xml
		INJECTED from src/main/AndroidManifest.xml
permission#com.android.launcher.permission.INSTALL_SHORTCUT
ADDED from src/main/AndroidManifest.xml:26:5-31:47
	android:label
		ADDED from src/main/AndroidManifest.xml:29:9-57
	android:protectionLevel
		ADDED from src/main/AndroidManifest.xml:31:9-44
	android:permissionGroup
		ADDED from src/main/AndroidManifest.xml:30:9-72
	android:description
		ADDED from src/main/AndroidManifest.xml:28:9-64
	android:name
		ADDED from src/main/AndroidManifest.xml:27:9-72
permission#com.gwchina.launcher3.permission.READ_SETTINGS
ADDED from src/main/AndroidManifest.xml:32:5-37:44
	android:label
		ADDED from src/main/AndroidManifest.xml:35:9-54
	android:protectionLevel
		ADDED from src/main/AndroidManifest.xml:37:9-41
	android:permissionGroup
		ADDED from src/main/AndroidManifest.xml:36:9-72
	android:description
		ADDED from src/main/AndroidManifest.xml:34:9-61
	android:name
		ADDED from src/main/AndroidManifest.xml:33:9-70
permission#com.gwchina.launcher3.permission.WRITE_SETTINGS
ADDED from src/main/AndroidManifest.xml:38:5-43:55
	android:label
		ADDED from src/main/AndroidManifest.xml:41:9-55
	android:protectionLevel
		ADDED from src/main/AndroidManifest.xml:43:9-52
	android:permissionGroup
		ADDED from src/main/AndroidManifest.xml:42:9-72
	android:description
		ADDED from src/main/AndroidManifest.xml:40:9-62
	android:name
		ADDED from src/main/AndroidManifest.xml:39:9-71
permission#com.gwchina.launcher3.permission.RECEIVE_LAUNCH_BROADCASTS
ADDED from src/main/AndroidManifest.xml:44:5-46:47
	android:protectionLevel
		ADDED from src/main/AndroidManifest.xml:46:9-44
	android:name
		ADDED from src/main/AndroidManifest.xml:45:9-82
permission#com.gwchina.launcher3.permission.RECEIVE_FIRST_LOAD_BROADCAST
ADDED from src/main/AndroidManifest.xml:47:5-49:55
	android:protectionLevel
		ADDED from src/main/AndroidManifest.xml:49:9-52
	android:name
		ADDED from src/main/AndroidManifest.xml:48:9-85
uses-permission#android.permission.CALL_PHONE
ADDED from src/main/AndroidManifest.xml:51:5-69
	android:name
		ADDED from src/main/AndroidManifest.xml:51:22-66
uses-permission#android.permission.SET_WALLPAPER
ADDED from src/main/AndroidManifest.xml:52:5-72
	android:name
		ADDED from src/main/AndroidManifest.xml:52:22-69
uses-permission#android.permission.SET_WALLPAPER_HINTS
ADDED from src/main/AndroidManifest.xml:53:5-78
	android:name
		ADDED from src/main/AndroidManifest.xml:53:22-75
uses-permission#android.permission.VIBRATE
ADDED from src/main/AndroidManifest.xml:54:5-66
	android:name
		ADDED from src/main/AndroidManifest.xml:54:22-63
uses-permission#android.permission.BIND_APPWIDGET
ADDED from src/main/AndroidManifest.xml:55:5-73
	android:name
		ADDED from src/main/AndroidManifest.xml:55:22-70
uses-permission#android.permission.READ_EXTERNAL_STORAGE
ADDED from src/main/AndroidManifest.xml:56:5-80
	android:name
		ADDED from src/main/AndroidManifest.xml:56:22-77
uses-permission#android.permission.BROADCAST_STICKY
ADDED from src/main/AndroidManifest.xml:57:5-75
	android:name
		ADDED from src/main/AndroidManifest.xml:57:22-72
uses-permission#android.permission.RECEIVE_BOOT_COMPLETED
ADDED from src/main/AndroidManifest.xml:58:5-81
	android:name
		ADDED from src/main/AndroidManifest.xml:58:22-78
uses-permission#com.android.launcher.permission.READ_SETTINGS
ADDED from src/main/AndroidManifest.xml:59:5-85
	android:name
		ADDED from src/main/AndroidManifest.xml:59:22-82
uses-permission#com.android.launcher.permission.WRITE_SETTINGS
ADDED from src/main/AndroidManifest.xml:60:5-86
	android:name
		ADDED from src/main/AndroidManifest.xml:60:22-83
uses-permission#com.gwchina.launcher3.permission.READ_SETTINGS
ADDED from src/main/AndroidManifest.xml:61:5-86
	android:name
		ADDED from src/main/AndroidManifest.xml:61:22-83
uses-permission#com.gwchina.launcher3.permission.WRITE_SETTINGS
ADDED from src/main/AndroidManifest.xml:62:5-87
	android:name
		ADDED from src/main/AndroidManifest.xml:62:22-84
uses-permission#com.gwchina.launcher3.permission.RECEIVE_LAUNCH_BROADCASTS
ADDED from src/main/AndroidManifest.xml:63:5-98
	android:name
		ADDED from src/main/AndroidManifest.xml:63:22-95
uses-permission#com.gwchina.launcher3.permission.RECEIVE_FIRST_LOAD_BROADCAST
ADDED from src/main/AndroidManifest.xml:64:5-101
	android:name
		ADDED from src/main/AndroidManifest.xml:64:22-98
application
ADDED from src/main/AndroidManifest.xml:66:5-221:19
MERGED from [com.android.support:appcompat-v7:26.0.0-alpha1] AndroidManifest.xml:29:5-20
MERGED from [com.android.support:support-v4:26.0.0-alpha1] AndroidManifest.xml:29:5-20
MERGED from [com.android.support:support-media-compat:26.0.0-alpha1] AndroidManifest.xml:29:5-20
MERGED from [com.android.support:support-fragment:26.0.0-alpha1] AndroidManifest.xml:29:5-20
MERGED from [com.android.support:support-core-utils:26.0.0-alpha1] AndroidManifest.xml:29:5-20
MERGED from [com.android.support:animated-vector-drawable:26.0.0-alpha1] AndroidManifest.xml:26:5-20
MERGED from [com.android.support:support-vector-drawable:26.0.0-alpha1] AndroidManifest.xml:26:5-20
MERGED from [com.android.support:support-core-ui:26.0.0-alpha1] AndroidManifest.xml:29:5-20
MERGED from [com.android.support:support-compat:26.0.0-alpha1] AndroidManifest.xml:29:5-20
MERGED from [com.android.support:cardview-v7:26.0.0-alpha1] AndroidManifest.xml:26:5-20
	android:backupAgent
		ADDED from src/main/AndroidManifest.xml:68:9-78
	android:label
		ADDED from src/main/AndroidManifest.xml:71:9-41
	android:supportsRtl
		ADDED from src/main/AndroidManifest.xml:74:9-35
	android:hardwareAccelerated
		ADDED from src/main/AndroidManifest.xml:69:9-43
	android:allowBackup
		ADDED from src/main/AndroidManifest.xml:67:9-50
	android:icon
		ADDED from src/main/AndroidManifest.xml:70:9-48
	android:largeHeap
		ADDED from src/main/AndroidManifest.xml:72:9-51
	android:restoreAnyVersion
		ADDED from src/main/AndroidManifest.xml:73:9-41
activity#com.gwchina.launcher3.LauncherBox
ADDED from src/main/AndroidManifest.xml:76:9-96:20
	android:clearTaskOnLaunch
		ADDED from src/main/AndroidManifest.xml:78:13-45
	android:enabled
		ADDED from src/main/AndroidManifest.xml:80:13-35
	android:screenOrientation
		ADDED from src/main/AndroidManifest.xml:83:13-49
	android:stateNotNeeded
		ADDED from src/main/AndroidManifest.xml:84:13-42
	android:launchMode
		ADDED from src/main/AndroidManifest.xml:81:13-44
	android:windowSoftInputMode
		ADDED from src/main/AndroidManifest.xml:87:13-52
	android:resumeWhilePausing
		ADDED from src/main/AndroidManifest.xml:82:13-46
	android:configChanges
		ADDED from src/main/AndroidManifest.xml:79:13-71
	android:theme
		ADDED from src/main/AndroidManifest.xml:86:13-41
	android:taskAffinity
		ADDED from src/main/AndroidManifest.xml:85:13-36
	android:name
		ADDED from src/main/AndroidManifest.xml:77:13-61
intent-filter#android.intent.action.MAIN+android.intent.category.DEFAULT+android.intent.category.HOME+android.intent.category.LAUNCHER+android.intent.category.MONKEY
ADDED from src/main/AndroidManifest.xml:88:13-95:29
action#android.intent.action.MAIN
ADDED from src/main/AndroidManifest.xml:89:17-69
	android:name
		ADDED from src/main/AndroidManifest.xml:89:25-66
category#android.intent.category.LAUNCHER
ADDED from src/main/AndroidManifest.xml:91:17-77
	android:name
		ADDED from src/main/AndroidManifest.xml:91:27-74
category#android.intent.category.HOME
ADDED from src/main/AndroidManifest.xml:92:17-73
	android:name
		ADDED from src/main/AndroidManifest.xml:92:27-70
category#android.intent.category.DEFAULT
ADDED from src/main/AndroidManifest.xml:93:17-76
	android:name
		ADDED from src/main/AndroidManifest.xml:93:27-73
category#android.intent.category.MONKEY
ADDED from src/main/AndroidManifest.xml:94:17-75
	android:name
		ADDED from src/main/AndroidManifest.xml:94:27-72
activity#com.gwchina.wallpaper.WallpaperPickerActivity
ADDED from src/main/AndroidManifest.xml:98:9-109:20
	android:finishOnCloseSystemDialogs
		ADDED from src/main/AndroidManifest.xml:100:13-54
	android:process
		ADDED from src/main/AndroidManifest.xml:103:13-49
	android:label
		ADDED from src/main/AndroidManifest.xml:102:13-51
	android:icon
		ADDED from src/main/AndroidManifest.xml:101:13-57
	android:theme
		ADDED from src/main/AndroidManifest.xml:104:13-57
	android:name
		ADDED from src/main/AndroidManifest.xml:99:13-73
intent-filter#android.intent.action.SET_WALLPAPER+android.intent.category.DEFAULT
ADDED from src/main/AndroidManifest.xml:105:13-108:29
action#android.intent.action.SET_WALLPAPER
ADDED from src/main/AndroidManifest.xml:106:17-78
	android:name
		ADDED from src/main/AndroidManifest.xml:106:25-75
activity#com.gwchina.wallpaper.WallpaperCropActivity
ADDED from src/main/AndroidManifest.xml:111:9-123:20
	android:finishOnCloseSystemDialogs
		ADDED from src/main/AndroidManifest.xml:113:13-54
	android:process
		ADDED from src/main/AndroidManifest.xml:116:13-49
	android:label
		ADDED from src/main/AndroidManifest.xml:115:13-51
	android:icon
		ADDED from src/main/AndroidManifest.xml:114:13-57
	android:theme
		ADDED from src/main/AndroidManifest.xml:117:13-58
	android:name
		ADDED from src/main/AndroidManifest.xml:112:13-71
intent-filter#android.intent.category.DEFAULT+android.service.wallpaper.CROP_AND_SET_WALLPAPER
ADDED from src/main/AndroidManifest.xml:118:13-122:29
action#android.service.wallpaper.CROP_AND_SET_WALLPAPER
ADDED from src/main/AndroidManifest.xml:119:17-91
	android:name
		ADDED from src/main/AndroidManifest.xml:119:25-88
data
ADDED from src/main/AndroidManifest.xml:121:17-52
	android:mimeType
		ADDED from src/main/AndroidManifest.xml:121:23-49
activity#com.gwchina.launcher3.SettingsActivity
ADDED from src/main/AndroidManifest.xml:125:9-129:60
	android:process
		ADDED from src/main/AndroidManifest.xml:129:13-48
	android:label
		ADDED from src/main/AndroidManifest.xml:128:13-57
	android:autoRemoveFromRecents
		ADDED from src/main/AndroidManifest.xml:127:13-49
	android:name
		ADDED from src/main/AndroidManifest.xml:126:13-66
receiver#com.gwchina.launcher3.InstallShortcutReceiver
ADDED from src/main/AndroidManifest.xml:132:9-138:20
	android:permission
		ADDED from src/main/AndroidManifest.xml:134:13-82
	android:name
		ADDED from src/main/AndroidManifest.xml:133:13-73
intent-filter#com.android.launcher.action.INSTALL_SHORTCUT
ADDED from src/main/AndroidManifest.xml:135:13-137:29
action#com.android.launcher.action.INSTALL_SHORTCUT
ADDED from src/main/AndroidManifest.xml:136:17-87
	android:name
		ADDED from src/main/AndroidManifest.xml:136:25-84
receiver#com.gwchina.launcher3.AppWidgetsRestoredReceiver
ADDED from src/main/AndroidManifest.xml:141:9-145:20
	android:name
		ADDED from src/main/AndroidManifest.xml:141:19-82
intent-filter#android.appwidget.action.APPWIDGET_HOST_RESTORED
ADDED from src/main/AndroidManifest.xml:142:13-144:29
action#android.appwidget.action.APPWIDGET_HOST_RESTORED
ADDED from src/main/AndroidManifest.xml:143:17-91
	android:name
		ADDED from src/main/AndroidManifest.xml:143:25-88
receiver#com.gwchina.launcher3.StartupReceiver
ADDED from src/main/AndroidManifest.xml:147:9-151:20
	android:name
		ADDED from src/main/AndroidManifest.xml:147:19-71
intent-filter#android.intent.action.BOOT_COMPLETED
ADDED from src/main/AndroidManifest.xml:148:13-150:29
action#android.intent.action.BOOT_COMPLETED
ADDED from src/main/AndroidManifest.xml:149:17-79
	android:name
		ADDED from src/main/AndroidManifest.xml:149:25-76
provider#com.gwchina.launcher3.LauncherProvider
ADDED from src/main/AndroidManifest.xml:154:9-159:89
	android:readPermission
		ADDED from src/main/AndroidManifest.xml:158:13-84
	android:authorities
		ADDED from src/main/AndroidManifest.xml:156:13-65
	android:exported
		ADDED from src/main/AndroidManifest.xml:157:13-36
	android:name
		ADDED from src/main/AndroidManifest.xml:155:13-66
	android:writePermission
		ADDED from src/main/AndroidManifest.xml:159:13-86
meta-data#android.nfc.disable_beam_default
ADDED from src/main/AndroidManifest.xml:161:9-163:36
	android:value
		ADDED from src/main/AndroidManifest.xml:163:13-33
	android:name
		ADDED from src/main/AndroidManifest.xml:162:13-60
service#com.gwchina.theme.ThemeService
ADDED from src/main/AndroidManifest.xml:212:9-220:19
	android:label
		ADDED from src/main/AndroidManifest.xml:215:13-45
	android:exported
		ADDED from src/main/AndroidManifest.xml:214:13-36
	android:logo
		ADDED from src/main/AndroidManifest.xml:216:13-52
	android:name
		ADDED from src/main/AndroidManifest.xml:213:13-58
intent-filter#com.gwchina.launcher3.THEME_SERVICE
ADDED from src/main/AndroidManifest.xml:217:13-219:29
action#com.gwchina.launcher3.THEME_SERVICE
ADDED from src/main/AndroidManifest.xml:218:17-78
	android:name
		ADDED from src/main/AndroidManifest.xml:218:25-75
meta-data#android.support.VERSION
ADDED from [com.android.support:appcompat-v7:26.0.0-alpha1] AndroidManifest.xml:25:5-27:41
MERGED from [com.android.support:support-v4:26.0.0-alpha1] AndroidManifest.xml:25:5-27:41
MERGED from [com.android.support:support-media-compat:26.0.0-alpha1] AndroidManifest.xml:25:5-27:41
MERGED from [com.android.support:support-fragment:26.0.0-alpha1] AndroidManifest.xml:25:5-27:41
MERGED from [com.android.support:support-core-utils:26.0.0-alpha1] AndroidManifest.xml:25:5-27:41
MERGED from [com.android.support:animated-vector-drawable:26.0.0-alpha1] AndroidManifest.xml:22:5-24:41
MERGED from [com.android.support:support-vector-drawable:26.0.0-alpha1] AndroidManifest.xml:22:5-24:41
MERGED from [com.android.support:recyclerview-v7:26.0.0-alpha1] AndroidManifest.xml:22:5-24:41
MERGED from [com.android.support:support-core-ui:26.0.0-alpha1] AndroidManifest.xml:25:5-27:41
MERGED from [com.android.support:support-compat:26.0.0-alpha1] AndroidManifest.xml:25:5-27:41
MERGED from [com.android.support:cardview-v7:26.0.0-alpha1] AndroidManifest.xml:22:5-24:41
	android:value
		ADDED from [com.android.support:appcompat-v7:26.0.0-alpha1] AndroidManifest.xml:27:9-38
	android:name
		ADDED from [com.android.support:appcompat-v7:26.0.0-alpha1] AndroidManifest.xml:26:9-47